[1 - Suricata-Main] 2026-03-01 09:20:40 Notice: suricata: This is Suricata version 8.0.3 RELEASE running in SYSTEM mode
[1 - Suricata-Main] 2026-03-01 09:20:40 Info: cpu: CPUs/cores online: 4
[1 - Suricata-Main] 2026-03-01 09:20:40 Info: device: br-70a952fee56a: shortening device name to br-7..e56a
[1 - Suricata-Main] 2026-03-01 09:20:40 Info: suricata: Setting engine mode to IDS mode by default
[1 - Suricata-Main] 2026-03-01 09:20:40 Info: suricata: No 'host-mode': suricata is in IDS mode, using default setting 'sniffer-only'
[1 - Suricata-Main] 2026-03-01 09:20:40 Info: privs: dropped the caps for main thread
[1 - Suricata-Main] 2026-03-01 09:20:40 Info: logopenfile: eve-log output device (regular) initialized: eve.json
[1 - Suricata-Main] 2026-03-01 09:20:40 Info: detect: No signatures supplied.
[1 - Suricata-Main] 2026-03-01 09:20:40 Info: af-packet: br-70a952fee56a: unable to find af-packet config for interface "br-70a952fee56a" or "default", using default values
[1 - Suricata-Main] 2026-03-01 09:20:40 Warning: af-packet: br-70a952fee56a: AF_PACKET tpacket-v3 is recommended for non-inline operation
[1 - Suricata-Main] 2026-03-01 09:20:40 Info: runmodes: br-70a952fee56a: creating 4 threads
[1 - Suricata-Main] 2026-03-01 09:20:40 Notice: threads: Threads created -> W: 4 FM: 1 FR: 1   Engine started.
[1 - Suricata-Main] 2026-03-01 09:41:36 Notice: suricata: Signal Received.  Stopping engine.
[1 - Suricata-Main] 2026-03-01 09:41:36 Info: suricata: time elapsed 1256.618s
[1 - Suricata-Main] 2026-03-01 09:41:37 Info: counters: Alerts: 0
[1 - Suricata-Main] 2026-03-01 09:41:37 Notice: device: br-70a952fee56a: packets: 6035, drops: 0 (0.00%), invalid chksum: 0
[1 - Suricata-Main] 2026-03-01 09:41:37 Notice: suricata: This is Suricata version 8.0.3 RELEASE running in SYSTEM mode
[1 - Suricata-Main] 2026-03-01 09:41:37 Info: cpu: CPUs/cores online: 4
[1 - Suricata-Main] 2026-03-01 09:41:37 Info: device: br-70a952fee56a: shortening device name to br-7..e56a
[1 - Suricata-Main] 2026-03-01 09:41:37 Info: suricata: Setting engine mode to IDS mode by default
[1 - Suricata-Main] 2026-03-01 09:41:38 Info: suricata: No 'host-mode': suricata is in IDS mode, using default setting 'sniffer-only'
[1 - Suricata-Main] 2026-03-01 09:41:38 Info: privs: dropped the caps for main thread
[1 - Suricata-Main] 2026-03-01 09:41:38 Info: logopenfile: eve-log output device (regular) initialized: eve.json
[1 - Suricata-Main] 2026-03-01 09:41:38 Info: detect: No signatures supplied.
[1 - Suricata-Main] 2026-03-01 09:41:38 Info: af-packet: br-70a952fee56a: unable to find af-packet config for interface "br-70a952fee56a" or "default", using default values
[1 - Suricata-Main] 2026-03-01 09:41:38 Warning: af-packet: br-70a952fee56a: AF_PACKET tpacket-v3 is recommended for non-inline operation
[1 - Suricata-Main] 2026-03-01 09:41:38 Info: runmodes: br-70a952fee56a: creating 4 threads
[1 - Suricata-Main] 2026-03-01 09:41:38 Notice: threads: Threads created -> W: 4 FM: 1 FR: 1   Engine started.
[1 - Suricata-Main] 2026-03-01 09:44:26 Notice: suricata: Signal Received.  Stopping engine.
[1 - Suricata-Main] 2026-03-01 09:44:26 Info: suricata: time elapsed 168.302s
[1 - Suricata-Main] 2026-03-01 09:44:27 Info: counters: Alerts: 0
[1 - Suricata-Main] 2026-03-01 09:44:27 Notice: device: br-70a952fee56a: packets: 1145, drops: 0 (0.00%), invalid chksum: 0
[1 - Suricata-Main] 2026-03-01 09:44:27 Notice: suricata: This is Suricata version 8.0.3 RELEASE running in SYSTEM mode
[1 - Suricata-Main] 2026-03-01 09:44:27 Info: cpu: CPUs/cores online: 4
[1 - Suricata-Main] 2026-03-01 09:44:27 Info: device: br-70a952fee56a: shortening device name to br-7..e56a
[1 - Suricata-Main] 2026-03-01 09:44:27 Info: suricata: Setting engine mode to IDS mode by default
[1 - Suricata-Main] 2026-03-01 09:44:27 Info: suricata: No 'host-mode': suricata is in IDS mode, using default setting 'sniffer-only'
[1 - Suricata-Main] 2026-03-01 09:44:27 Info: privs: dropped the caps for main thread
[1 - Suricata-Main] 2026-03-01 09:44:27 Info: logopenfile: eve-log output device (regular) initialized: eve.json
[1 - Suricata-Main] 2026-03-01 09:44:27 Info: detect: No signatures supplied.
[1 - Suricata-Main] 2026-03-01 09:44:27 Info: af-packet: br-70a952fee56a: unable to find af-packet config for interface "br-70a952fee56a" or "default", using default values
[1 - Suricata-Main] 2026-03-01 09:44:27 Warning: af-packet: br-70a952fee56a: AF_PACKET tpacket-v3 is recommended for non-inline operation
[1 - Suricata-Main] 2026-03-01 09:44:27 Info: runmodes: br-70a952fee56a: creating 4 threads
[1 - Suricata-Main] 2026-03-01 09:44:27 Notice: threads: Threads created -> W: 4 FM: 1 FR: 1   Engine started.
[1 - Suricata-Main] 2026-03-01 09:45:02 Notice: suricata: Signal Received.  Stopping engine.
[1 - Suricata-Main] 2026-03-01 09:45:02 Info: suricata: time elapsed 35.462s
[1 - Suricata-Main] 2026-03-01 09:45:03 Info: counters: Alerts: 0
[1 - Suricata-Main] 2026-03-01 09:45:03 Notice: device: br-70a952fee56a: packets: 178, drops: 0 (0.00%), invalid chksum: 0
[1 - Suricata-Main] 2026-03-01 09:45:04 Notice: suricata: This is Suricata version 8.0.3 RELEASE running in SYSTEM mode
[1 - Suricata-Main] 2026-03-01 09:45:04 Info: cpu: CPUs/cores online: 4
[1 - Suricata-Main] 2026-03-01 09:45:04 Info: device: br-70a952fee56a: shortening device name to br-7..e56a
[1 - Suricata-Main] 2026-03-01 09:45:04 Info: suricata: Setting engine mode to IDS mode by default
[1 - Suricata-Main] 2026-03-01 09:45:04 Info: suricata: No 'host-mode': suricata is in IDS mode, using default setting 'sniffer-only'
[1 - Suricata-Main] 2026-03-01 09:45:04 Info: privs: dropped the caps for main thread
[1 - Suricata-Main] 2026-03-01 09:45:04 Info: logopenfile: eve-log output device (regular) initialized: eve.json
[1 - Suricata-Main] 2026-03-01 09:45:04 Warning: counters: stats are enabled but no loggers are active
[1 - Suricata-Main] 2026-03-01 09:45:04 Error: detect-parse: unknown rule keyword 'mqtt.connack.return_code'.
[1 - Suricata-Main] 2026-03-01 09:45:04 Error: detect: error parsing signature "alert mqtt any any -> any any (msg:"IOT-CYBERRANGE S2 MQTT auth failure"; mqtt.connack.return_code:!0; threshold:type both,track by_src,count 3,seconds 30; sid:1000004; rev:1; metadata:scenario injection;)" from file /etc/suricata/rules/iot-cyberrange.rules at line 16
[1 - Suricata-Main] 2026-03-01 09:45:04 Error: detect-tls-version: invalid tls.version option
[1 - Suricata-Main] 2026-03-01 09:45:04 Error: detect: error parsing signature "alert tls any any -> 172.21.0.20 8883 (msg:"IOT-CYBERRANGE S3 TLS handshake flood"; flow:to_server; tls.version:>=TLS1.0; threshold:type both,track by_src,count 15,seconds 5; sid:1000006; rev:1; metadata:scenario dos;)" from file /etc/suricata/rules/iot-cyberrange.rules at line 23
[1 - Suricata-Main] 2026-03-01 09:45:04 Error: detect-parse: unknown rule keyword 'mqtt.connack.return_code'.
[1 - Suricata-Main] 2026-03-01 09:45:04 Error: detect: error parsing signature "alert mqtt any any -> any any (msg:"IOT-CYBERRANGE S4 MQTT brute force - multiple auth failures"; mqtt.connack.return_code:!0; threshold:type both,track by_src,count 5,seconds 30; sid:1000008; rev:1; metadata:scenario bruteforce;)" from file /etc/suricata/rules/iot-cyberrange.rules at line 30
[1 - Suricata-Main] 2026-03-01 09:45:04 Error: detect-tcp-flags: pcre match failed
[1 - Suricata-Main] 2026-03-01 09:45:04 Error: detect: error parsing signature "alert tcp any any -> 172.21.0.0/24 any (msg:"IOT-CYBERRANGE S5 Nmap scan detected"; flow:to_server; flags:S,!A; threshold:type both,track by_src,count 10,seconds 5; sid:1000011; rev:1; metadata:scenario lateral_movement;)" from file /etc/suricata/rules/iot-cyberrange.rules at line 40
[1 - Suricata-Main] 2026-03-01 09:45:04 Info: detect: 1 rule files processed. 8 rules successfully loaded, 4 rules failed, 0 rules skipped
[1 - Suricata-Main] 2026-03-01 09:45:04 Error: suricata: Loading signatures failed.
[1 - Suricata-Main] 2026-03-01 09:45:40 Notice: suricata: This is Suricata version 8.0.3 RELEASE running in SYSTEM mode
[1 - Suricata-Main] 2026-03-01 09:45:40 Info: cpu: CPUs/cores online: 4
[1 - Suricata-Main] 2026-03-01 09:45:40 Info: device: br-70a952fee56a: shortening device name to br-7..e56a
[1 - Suricata-Main] 2026-03-01 09:45:40 Info: suricata: Setting engine mode to IDS mode by default
[1 - Suricata-Main] 2026-03-01 09:45:40 Info: suricata: No 'host-mode': suricata is in IDS mode, using default setting 'sniffer-only'
[1 - Suricata-Main] 2026-03-01 09:45:40 Info: privs: dropped the caps for main thread
[1 - Suricata-Main] 2026-03-01 09:45:40 Info: logopenfile: eve-log output device (regular) initialized: eve.json
[1 - Suricata-Main] 2026-03-01 09:45:40 Warning: counters: stats are enabled but no loggers are active
[1 - Suricata-Main] 2026-03-01 09:45:40 Info: detect: 1 rule files processed. 9 rules successfully loaded, 0 rules failed, 0 rules skipped
[1 - Suricata-Main] 2026-03-01 09:45:40 Info: threshold-config: Threshold config parsed: 0 rule(s) found
[1 - Suricata-Main] 2026-03-01 09:45:40 Info: detect: 9 signatures processed. 0 are IP-only rules, 0 are inspecting packet payload, 0 inspect application layer, 0 are decoder event only
[1 - Suricata-Main] 2026-03-01 09:45:40 Info: runmodes: br-70a952fee56a: creating 4 threads
[20 - W#01-br-7..e56a] 2026-03-01 09:45:40 Info: ioctl: br-70a952fee56a: MTU 1500
[1 - Suricata-Main] 2026-03-01 09:45:40 Notice: threads: Threads created -> W: 4 FM: 1 FR: 1   Engine started.
